<?xml version="1.0" encoding="UTF-8"?>
<testng-results ignored="0" total="3" passed="3" failed="0" skipped="0">
  <reporter-output>
  </reporter-output>
  <suite started-at="2024-02-15T08:03:23 IST" name="Default suite" finished-at="2024-02-15T08:03:26 IST" duration-ms="2898">
    <groups>
    </groups>
    <test started-at="2024-02-15T08:03:23 IST" name="Default test" finished-at="2024-02-15T08:03:26 IST" duration-ms="2898">
      <class name="files.DynamicJson">
        <test-method signature="addBook(java.lang.String,java.lang.String)[pri:0, instance:files.DynamicJson@53ce1329]" started-at="2024-02-15T08:03:23 IST" name="addBook" data-provider="BookData" finished-at="2024-02-15T08:03:26 IST" duration-ms="2548" status="PASS">
          <params>
            <param index="0">
              <value>
                <![CDATA[Syed]]>
              </value>
            </param>
            <param index="1">
              <value>
                <![CDATA[1234]]>
              </value>
            </param>
          </params>
          <reporter-output>
          </reporter-output>
        </test-method> <!-- addBook -->
        <test-method signature="addBook(java.lang.String,java.lang.String)[pri:0, instance:files.DynamicJson@53ce1329]" started-at="2024-02-15T08:03:26 IST" name="addBook" data-provider="BookData" finished-at="2024-02-15T08:03:26 IST" duration-ms="146" status="PASS">
          <params>
            <param index="0">
              <value>
                <![CDATA[Aakib]]>
              </value>
            </param>
            <param index="1">
              <value>
                <![CDATA[4567]]>
              </value>
            </param>
          </params>
          <reporter-output>
          </reporter-output>
        </test-method> <!-- addBook -->
        <test-method signature="addBook(java.lang.String,java.lang.String)[pri:0, instance:files.DynamicJson@53ce1329]" started-at="2024-02-15T08:03:26 IST" name="addBook" data-provider="BookData" finished-at="2024-02-15T08:03:26 IST" duration-ms="150" status="PASS">
          <params>
            <param index="0">
              <value>
                <![CDATA[Idris]]>
              </value>
            </param>
            <param index="1">
              <value>
                <![CDATA[7890]]>
              </value>
            </param>
          </params>
          <reporter-output>
          </reporter-output>
        </test-method> <!-- addBook -->
      </class> <!-- files.DynamicJson -->
    </test> <!-- Default test -->
  </suite> <!-- Default suite -->
</testng-results>
